<?xml version="1.0" encoding="UTF-8"?>
<testsuite name="com.raizesdonordeste.backend.service.ProdutoServicePaginacaoTest" tests="3" skipped="0" failures="0" errors="0" timestamp="2026-06-23T13:15:31.926Z" hostname="NITRO-V15" time="0.018">
  <properties/>
  <testcase name="deveRetornarProdutosPaginadosEOrdenadosPorNome()" classname="com.raizesdonordeste.backend.service.ProdutoServicePaginacaoTest" time="0.009"/>
  <testcase name="deveRejeitarCampoDeOrdenacaoNaoPermitido()" classname="com.raizesdonordeste.backend.service.ProdutoServicePaginacaoTest" time="0.003"/>
  <testcase name="deveRejeitarParametrosDePaginacaoInvalidos()" classname="com.raizesdonordeste.backend.service.ProdutoServicePaginacaoTest" time="0.004"/>
  <system-out><![CDATA[]]></system-out>
  <system-err><![CDATA[]]></system-err>
</testsuite>
