<?xml version="1.0" encoding="UTF-8"?>
<testsuite name="com.raizesdonordeste.backend.OpenApiDocumentationTest" tests="1" skipped="0" failures="0" errors="0" timestamp="2026-06-23T13:15:28.658Z" hostname="NITRO-V15" time="1.686">
  <properties/>
  <testcase name="deveGerarDocumentoOpenApiComJwtEContratosPrincipais()" classname="com.raizesdonordeste.backend.OpenApiDocumentationTest" time="1.686"/>
  <system-out><![CDATA[2026-06-23T10:15:27.083-03:00  INFO 36008 --- [    Test worker] t.c.s.AnnotationConfigContextLoaderUtils : Could not detect default configuration classes for test class [com.raizesdonordeste.backend.OpenApiDocumentationTest]: OpenApiDocumentationTest does not declare any static, non-private, non-final, nested classes annotated with @Configuration.
2026-06-23T10:15:27.095-03:00  INFO 36008 --- [    Test worker] .b.t.c.SpringBootTestContextBootstrapper : Found @SpringBootConfiguration com.raizesdonordeste.backend.BackendApplication for test class com.raizesdonordeste.backend.OpenApiDocumentationTest

  .   ____          _            __ _ _
 /\\ / ___'_ __ _ _(_)_ __  __ _ \ \ \ \
( ( )\___ | '_ | '_| | '_ \/ _` | \ \ \ \
 \\/  ___)| |_)| | | | | || (_| |  ) ) ) )
  '  |____| .__|_| |_|_| |_\__, | / / / /
 =========|_|==============|___/=/_/_/_/

 :: Spring Boot ::               (v3.5.14)

2026-06-23T10:15:27.133-03:00  INFO 36008 --- [    Test worker] c.r.backend.OpenApiDocumentationTest     : Starting OpenApiDocumentationTest using Java 17.0.19 with PID 36008 (started by dougc in C:\Users\dougc\OneDrive\Desktop\backend)
2026-06-23T10:15:27.133-03:00  INFO 36008 --- [    Test worker] c.r.backend.OpenApiDocumentationTest     : The following 1 profile is active: "test"
2026-06-23T10:15:27.528-03:00  INFO 36008 --- [    Test worker] .s.d.r.c.RepositoryConfigurationDelegate : Bootstrapping Spring Data JPA repositories in DEFAULT mode.
2026-06-23T10:15:27.566-03:00  INFO 36008 --- [    Test worker] .s.d.r.c.RepositoryConfigurationDelegate : Finished Spring Data repository scanning in 35 ms. Found 11 JPA repository interfaces.
2026-06-23T10:15:27.710-03:00  INFO 36008 --- [    Test worker] o.hibernate.jpa.internal.util.LogHelper  : HHH000204: Processing PersistenceUnitInfo [name: default]
2026-06-23T10:15:27.718-03:00  INFO 36008 --- [    Test worker] o.h.c.internal.RegionFactoryInitiator    : HHH000026: Second-level cache disabled
2026-06-23T10:15:27.736-03:00  INFO 36008 --- [    Test worker] o.s.o.j.p.SpringPersistenceUnitInfo      : No LoadTimeWeaver setup: ignoring JPA class transformer
2026-06-23T10:15:27.738-03:00  INFO 36008 --- [    Test worker] com.zaxxer.hikari.HikariDataSource       : HikariPool-2 - Starting...
2026-06-23T10:15:27.739-03:00  INFO 36008 --- [    Test worker] com.zaxxer.hikari.pool.HikariPool        : HikariPool-2 - Added connection conn10: url=jdbc:h2:mem:raizes_test user=SA
2026-06-23T10:15:27.739-03:00  INFO 36008 --- [    Test worker] com.zaxxer.hikari.HikariDataSource       : HikariPool-2 - Start completed.
2026-06-23T10:15:27.740-03:00  INFO 36008 --- [    Test worker] org.hibernate.orm.connections.pooling    : HHH10001005: Database info:
	Database JDBC URL [Connecting through datasource 'HikariDataSource (HikariPool-2)']
	Database driver: undefined/unknown
	Database version: 2.3.232
	Autocommit mode: undefined/unknown
	Isolation level: undefined/unknown
	Minimum pool size: undefined/unknown
	Maximum pool size: undefined/unknown
2026-06-23T10:15:27.880-03:00  INFO 36008 --- [    Test worker] o.h.e.t.j.p.i.JtaPlatformInitiator       : HHH000489: No JTA platform available (set 'hibernate.transaction.jta.platform' to enable JTA platform integration)
2026-06-23T10:15:27.909-03:00  INFO 36008 --- [    Test worker] j.LocalContainerEntityManagerFactoryBean : Initialized JPA EntityManagerFactory for persistence unit 'default'
2026-06-23T10:15:28.157-03:00  WARN 36008 --- [    Test worker] JpaBaseConfiguration$JpaWebConfiguration : spring.jpa.open-in-view is enabled by default. Therefore, database queries may be performed during view rendering. Explicitly configure spring.jpa.open-in-view to disable this warning
2026-06-23T10:15:28.171-03:00  WARN 36008 --- [    Test worker] .s.s.UserDetailsServiceAutoConfiguration : 

Using generated security password: e42e9727-8ffe-4bdb-a0d7-0936e6b8a611

This generated password is for development use only. Your security configuration must be updated before running your application in production.

2026-06-23T10:15:28.172-03:00  INFO 36008 --- [    Test worker] r$InitializeUserDetailsManagerConfigurer : Global AuthenticationManager configured with UserDetailsService bean with name inMemoryUserDetailsManager
2026-06-23T10:15:28.454-03:00  INFO 36008 --- [    Test worker] o.s.b.t.m.w.SpringBootMockServletContext : Initializing Spring TestDispatcherServlet ''
2026-06-23T10:15:28.455-03:00  INFO 36008 --- [    Test worker] o.s.t.web.servlet.TestDispatcherServlet  : Initializing Servlet ''
2026-06-23T10:15:28.456-03:00  INFO 36008 --- [    Test worker] o.s.t.web.servlet.TestDispatcherServlet  : Completed initialization in 1 ms
2026-06-23T10:15:28.474-03:00  INFO 36008 --- [    Test worker] c.r.backend.OpenApiDocumentationTest     : Started OpenApiDocumentationTest in 1.374 seconds (process running for 13.967)
2026-06-23T10:15:30.185-03:00  INFO 36008 --- [    Test worker] o.springdoc.api.AbstractOpenApiResource  : Init duration for springdoc-openapi is: 1433 ms
]]></system-out>
  <system-err><![CDATA[]]></system-err>
</testsuite>
