<?xml version="1.0" encoding="UTF-8"?>
<testsuite name="com.raizesdonordeste.backend.BackendApplicationTests" tests="1" skipped="0" failures="0" errors="0" timestamp="2026-06-23T13:15:26.648Z" hostname="NITRO-V15" time="0.427">
  <properties/>
  <testcase name="contextLoads()" classname="com.raizesdonordeste.backend.BackendApplicationTests" time="0.427"/>
  <system-out><![CDATA[10:15:15.587 [Test worker] INFO org.springframework.test.context.support.AnnotationConfigContextLoaderUtils -- Could not detect default configuration classes for test class [com.raizesdonordeste.backend.BackendApplicationTests]: BackendApplicationTests does not declare any static, non-private, non-final, nested classes annotated with @Configuration.
10:15:15.697 [Test worker] INFO org.springframework.boot.test.context.SpringBootTestContextBootstrapper -- Found @SpringBootConfiguration com.raizesdonordeste.backend.BackendApplication for test class com.raizesdonordeste.backend.BackendApplicationTests

  .   ____          _            __ _ _
 /\\ / ___'_ __ _ _(_)_ __  __ _ \ \ \ \
( ( )\___ | '_ | '_| | '_ \/ _` | \ \ \ \
 \\/  ___)| |_)| | | | | || (_| |  ) ) ) )
  '  |____| .__|_| |_|_| |_\__, | / / / /
 =========|_|==============|___/=/_/_/_/

 :: Spring Boot ::               (v3.5.14)

2026-06-23T10:15:16.293-03:00  INFO 36008 --- [    Test worker] c.r.backend.BackendApplicationTests      : Starting BackendApplicationTests using Java 17.0.19 with PID 36008 (started by dougc in C:\Users\dougc\OneDrive\Desktop\backend)
2026-06-23T10:15:16.296-03:00  INFO 36008 --- [    Test worker] c.r.backend.BackendApplicationTests      : The following 1 profile is active: "test"
2026-06-23T10:15:17.762-03:00  INFO 36008 --- [    Test worker] .s.d.r.c.RepositoryConfigurationDelegate : Bootstrapping Spring Data JPA repositories in DEFAULT mode.
2026-06-23T10:15:17.882-03:00  INFO 36008 --- [    Test worker] .s.d.r.c.RepositoryConfigurationDelegate : Finished Spring Data repository scanning in 105 ms. Found 11 JPA repository interfaces.
2026-06-23T10:15:18.752-03:00  INFO 36008 --- [    Test worker] o.hibernate.jpa.internal.util.LogHelper  : HHH000204: Processing PersistenceUnitInfo [name: default]
2026-06-23T10:15:18.876-03:00  INFO 36008 --- [    Test worker] org.hibernate.Version                    : HHH000412: Hibernate ORM core version 6.6.49.Final
2026-06-23T10:15:18.947-03:00  INFO 36008 --- [    Test worker] o.h.c.internal.RegionFactoryInitiator    : HHH000026: Second-level cache disabled
2026-06-23T10:15:19.467-03:00  INFO 36008 --- [    Test worker] o.s.o.j.p.SpringPersistenceUnitInfo      : No LoadTimeWeaver setup: ignoring JPA class transformer
2026-06-23T10:15:19.528-03:00  INFO 36008 --- [    Test worker] com.zaxxer.hikari.HikariDataSource       : HikariPool-1 - Starting...
2026-06-23T10:15:19.836-03:00  INFO 36008 --- [    Test worker] com.zaxxer.hikari.pool.HikariPool        : HikariPool-1 - Added connection conn0: url=jdbc:h2:mem:raizes_test user=SA
2026-06-23T10:15:19.838-03:00  INFO 36008 --- [    Test worker] com.zaxxer.hikari.HikariDataSource       : HikariPool-1 - Start completed.
2026-06-23T10:15:19.941-03:00  INFO 36008 --- [    Test worker] org.hibernate.orm.connections.pooling    : HHH10001005: Database info:
	Database JDBC URL [Connecting through datasource 'HikariDataSource (HikariPool-1)']
	Database driver: undefined/unknown
	Database version: 2.3.232
	Autocommit mode: undefined/unknown
	Isolation level: undefined/unknown
	Minimum pool size: undefined/unknown
	Maximum pool size: undefined/unknown
2026-06-23T10:15:21.678-03:00  INFO 36008 --- [    Test worker] o.h.e.t.j.p.i.JtaPlatformInitiator       : HHH000489: No JTA platform available (set 'hibernate.transaction.jta.platform' to enable JTA platform integration)
2026-06-23T10:15:21.783-03:00  INFO 36008 --- [    Test worker] j.LocalContainerEntityManagerFactoryBean : Initialized JPA EntityManagerFactory for persistence unit 'default'
2026-06-23T10:15:24.614-03:00  WARN 36008 --- [    Test worker] JpaBaseConfiguration$JpaWebConfiguration : spring.jpa.open-in-view is enabled by default. Therefore, database queries may be performed during view rendering. Explicitly configure spring.jpa.open-in-view to disable this warning
2026-06-23T10:15:24.673-03:00  WARN 36008 --- [    Test worker] .s.s.UserDetailsServiceAutoConfiguration : 

Using generated security password: bf842929-4c91-4c6e-b8e2-a67acbe1dddb

This generated password is for development use only. Your security configuration must be updated before running your application in production.

2026-06-23T10:15:24.698-03:00  INFO 36008 --- [    Test worker] r$InitializeUserDetailsManagerConfigurer : Global AuthenticationManager configured with UserDetailsService bean with name inMemoryUserDetailsManager
2026-06-23T10:15:25.857-03:00  INFO 36008 --- [    Test worker] c.r.backend.BackendApplicationTests      : Started BackendApplicationTests in 9.992 seconds (process running for 11.351)
]]></system-out>
  <system-err><![CDATA[]]></system-err>
</testsuite>
